0 info it worked if it ends with ok
1 verbose cli [ 'C:\\Program Files\\nodejs\\node.exe',
1 verbose cli   'C:\\Program Files\\nodejs\\node_modules\\npm\\bin\\npm-cli.js',
1 verbose cli   'run',
1 verbose cli   'test',
1 verbose cli   '--no-cache' ]
2 info using npm@5.6.0
3 info using node@v8.11.2
4 verbose run-script [ 'pretest', 'test', 'posttest' ]
5 info lifecycle puppers@0.1.0~pretest: puppers@0.1.0
6 info lifecycle puppers@0.1.0~test: puppers@0.1.0
7 verbose lifecycle puppers@0.1.0~test: unsafe-perm in lifecycle true
8 verbose lifecycle puppers@0.1.0~test: PATH: C:\Program Files\nodejs\node_modules\npm\node_modules\npm-lifecycle\node-gyp-bin;C:\Users\khaggerty\Desktop\fun projects\puppers\node_modules\.bin;C:\Users\khaggerty\Downloads\bin;C:\Users\khaggerty\Downloads\vendor\conemu-maximus5\ConEmu\Scripts;C:\Users\khaggerty\Downloads\vendor\conemu-maximus5;C:\Users\khaggerty\Downloads\vendor\conemu-maximus5\ConEmu;C:\WINDOWS\system32;C:\WINDOWS;C:\WINDOWS\System32\Wbem;C:\WINDOWS\System32\WindowsPowerShell\v1.0\;C:\WINDOWS\System32\OpenSSH\;C:\Program Files (x86)\GitExtensions\;C:\Program Files\PuTTY\;C:\Program Files\Git\cmd;C:\Program Files\nodejs\;C:\Program Files\Microsoft VS Code\bin;C:\Program Files (x86)\Yarn\bin\;C:\ProgramData\ComposerSetup\bin;C:\Users\khaggerty\AppData\Local\Microsoft\WindowsApps;C:\Program Files\Microsoft VS Code\bin;C:\Users\khaggerty\AppData\Roaming\npm;C:\Program Files (x86)\Sophos\Sophos SSL VPN Client\bin;C:\Users\khaggerty\AppData\Local\Yarn\bin;C:\xampp\php;C:\Users\khaggerty\AppData\Roaming\Composer\vendor\bin;C:\Program Files\Git\mingw64;C:\Program Files\Git\usr\bin;C:\Users\khaggerty\Downloads
9 verbose lifecycle puppers@0.1.0~test: CWD: C:\Users\khaggerty\Desktop\fun projects\puppers
10 silly lifecycle puppers@0.1.0~test: Args: [ '/d /s /c', 'react-scripts test --env=jsdom' ]
11 silly lifecycle puppers@0.1.0~test: Returned: code: 1  signal: null
12 info lifecycle puppers@0.1.0~test: Failed to exec test script
13 verbose stack Error: puppers@0.1.0 test: `react-scripts test --env=jsdom`
13 verbose stack Exit status 1
13 verbose stack     at EventEmitter.<anonymous> (C:\Program Files\nodejs\node_modules\npm\node_modules\npm-lifecycle\index.js:285:16)
13 verbose stack     at emitTwo (events.js:126:13)
13 verbose stack     at EventEmitter.emit (events.js:214:7)
13 verbose stack     at ChildProcess.<anonymous> (C:\Program Files\nodejs\node_modules\npm\node_modules\npm-lifecycle\lib\spawn.js:55:14)
13 verbose stack     at emitTwo (events.js:126:13)
13 verbose stack     at ChildProcess.emit (events.js:214:7)
13 verbose stack     at maybeClose (internal/child_process.js:925:16)
13 verbose stack     at Process.ChildProcess._handle.onexit (internal/child_process.js:209:5)
14 verbose pkgid puppers@0.1.0
15 verbose cwd C:\Users\khaggerty\Desktop\fun projects\puppers
16 verbose Windows_NT 10.0.17134
17 verbose argv "C:\\Program Files\\nodejs\\node.exe" "C:\\Program Files\\nodejs\\node_modules\\npm\\bin\\npm-cli.js" "run" "test" "--no-cache"
18 verbose node v8.11.2
19 verbose npm  v5.6.0
20 error code ELIFECYCLE
21 error errno 1
22 error puppers@0.1.0 test: `react-scripts test --env=jsdom`
22 error Exit status 1
23 error Failed at the puppers@0.1.0 test script.
23 error This is probably not a problem with npm. There is likely additional logging output above.
24 verbose exit [ 1, true ]
